app/build/outputs/logs/manifest-merger-debug-report.txt
-- Merging decision tree log ---
manifest
ADDED from src/main/AndroidManifest.xml:2:1-53:12
	xmlns:android
		ADDED from src/main/AndroidManifest.xml:2:11-69
	package
		ADDED from src/main/AndroidManifest.xml:3:7-28
		INJECTED from src/main/AndroidManifest.xml
		INJECTED from src/main/AndroidManifest.xml
	android:versionName
		ADDED from src/main/AndroidManifest.xml:5:7-34
		INJECTED from src/main/AndroidManifest.xml
		INJECTED from src/main/AndroidManifest.xml
	android:versionCode
		ADDED from src/main/AndroidManifest.xml:4:7-30
		INJECTED from src/main/AndroidManifest.xml
		INJECTED from src/main/AndroidManifest.xml
uses-permission#android.permission.INTERNET
ADDED from src/main/AndroidManifest.xml:7:2-80
	android:name
		ADDED from src/main/AndroidManifest.xml:7:19-61
application
ADDED from src/main/AndroidManifest.xml:8:5-51:19
	android:label
		ADDED from src/main/AndroidManifest.xml:9:9-38
	android:icon
		ADDED from src/main/AndroidManifest.xml:8:18-50
activity#calplug.wop.Main
ADDED from src/main/AndroidManifest.xml:10:9-18:20
	android:windowSoftInputMode
		ADDED from src/main/AndroidManifest.xml:12:19-66
	android:screenOrientation
		ADDED from src/main/AndroidManifest.xml:13:19-56
	android:label
		ADDED from src/main/AndroidManifest.xml:11:19-48
	android:name
		ADDED from src/main/AndroidManifest.xml:10:19-50
intent-filter#android.intent.action.MAIN+android.intent.category.LAUNCHER
ADDED from src/main/AndroidManifest.xml:14:13-17:29
action#android.intent.action.MAIN
ADDED from src/main/AndroidManifest.xml:15:17-69
	android:name
		ADDED from src/main/AndroidManifest.xml:15:25-66
category#android.intent.category.LAUNCHER
ADDED from src/main/AndroidManifest.xml:16:17-77
	android:name
		ADDED from src/main/AndroidManifest.xml:16:27-74
activity#calplug.wop.ObserveMode
ADDED from src/main/AndroidManifest.xml:19:10-28:20
	android:screenOrientation
		ADDED from src/main/AndroidManifest.xml:23:13-50
	android:label
		ADDED from src/main/AndroidManifest.xml:21:13-42
	android:exported
		ADDED from src/main/AndroidManifest.xml:22:13-37
	android:name
		ADDED from src/main/AndroidManifest.xml:20:13-51
intent-filter#android.intent.category.DEFAULT+calplug.wop
ADDED from src/main/AndroidManifest.xml:24:13-27:29
action#calplug.wop
ADDED from src/main/AndroidManifest.xml:25:17-54
	android:name
		ADDED from src/main/AndroidManifest.xml:25:25-51
category#android.intent.category.DEFAULT
ADDED from src/main/AndroidManifest.xml:26:17-76
	android:name
		ADDED from src/main/AndroidManifest.xml:26:27-73
activity#calplug.wop.Register
ADDED from src/main/AndroidManifest.xml:29:9-39:20
	android:windowSoftInputMode
		ADDED from src/main/AndroidManifest.xml:33:13-60
	android:screenOrientation
		ADDED from src/main/AndroidManifest.xml:34:13-50
	android:label
		ADDED from src/main/AndroidManifest.xml:31:13-42
	android:exported
		ADDED from src/main/AndroidManifest.xml:32:13-37
	android:name
		ADDED from src/main/AndroidManifest.xml:30:13-48
activity#calplug.wop.ControlMode
ADDED from src/main/AndroidManifest.xml:40:9-50:20
	android:windowSoftInputMode
		ADDED from src/main/AndroidManifest.xml:44:13-60
	android:screenOrientation
		ADDED from src/main/AndroidManifest.xml:45:13-50
	android:label
		ADDED from src/main/AndroidManifest.xml:42:13-42
	android:exported
		ADDED from src/main/AndroidManifest.xml:43:13-37
	android:name
		ADDED from src/main/AndroidManifest.xml:41:13-51
uses-sdk
ADDED from src/main/AndroidManifest.xml:52:2-40
	android:targetSdkVersion
		INJECTED from src/main/AndroidManifest.xml
		INJECTED from src/main/AndroidManifest.xml
	android:minSdkVersion
		ADDED from src/main/AndroidManifest.xml:52:12-38
		INJECTED from src/main/AndroidManifest.xml
		INJECTED from src/main/AndroidManifest.xml